2021/08/04 09:50:00 [notice] 1#1: using the "epoll" event method
2021/08/04 09:50:00 [notice] 1#1: nginx/1.21.0
2021/08/04 09:50:00 [notice] 1#1: built by gcc 8.3.0 (Debian 8.3.0-6) 
2021/08/04 09:50:00 [notice] 1#1: OS: Linux 5.10.25-linuxkit
2021/08/04 09:50:00 [notice] 1#1: getrlimit(RLIMIT_NOFILE): 1048576:1048576
2021/08/04 09:50:00 [notice] 1#1: start worker processes
2021/08/04 09:50:00 [notice] 1#1: start worker process 25
2021/08/04 09:50:00 [notice] 1#1: start worker process 26
2021/08/04 09:50:00 [notice] 1#1: start worker process 27
2021/08/04 09:50:00 [notice] 1#1: start worker process 28
2021/08/04 09:51:49 [error] 26#26: *1 directory index of "/usr/share/nginx/html/" is forbidden, client: 172.18.0.1, server: localhost, request: "GET / HTTP/1.1", host: "localhost"
2021/08/04 09:51:49 [error] 26#26: *1 open() "/usr/share/nginx/html/favicon.ico" failed (2: No such file or directory), client: 172.18.0.1, server: localhost, request: "GET /favicon.ico HTTP/1.1", host: "localhost", referrer: "http://localhost/"
2021/08/04 09:51:52 [error] 26#26: *1 directory index of "/usr/share/nginx/html/" is forbidden, client: 172.18.0.1, server: localhost, request: "GET / HTTP/1.1", host: "localhost"
2021/08/04 09:51:52 [error] 26#26: *1 directory index of "/usr/share/nginx/html/" is forbidden, client: 172.18.0.1, server: localhost, request: "GET / HTTP/1.1", host: "localhost"
2021/08/04 09:53:15 [notice] 1#1: signal 3 (SIGQUIT) received, shutting down
2021/08/04 09:53:15 [notice] 26#26: gracefully shutting down
2021/08/04 09:53:15 [notice] 25#25: gracefully shutting down
2021/08/04 09:53:15 [notice] 27#27: gracefully shutting down
2021/08/04 09:53:15 [notice] 28#28: gracefully shutting down
2021/08/04 09:53:15 [notice] 28#28: exiting
2021/08/04 09:53:15 [notice] 26#26: exiting
2021/08/04 09:53:15 [notice] 25#25: exiting
2021/08/04 09:53:15 [notice] 25#25: exit
2021/08/04 09:53:15 [notice] 27#27: exiting
2021/08/04 09:53:15 [notice] 28#28: exit
2021/08/04 09:53:15 [notice] 26#26: exit
2021/08/04 09:53:15 [notice] 27#27: exit
2021/08/04 09:53:15 [notice] 1#1: signal 17 (SIGCHLD) received from 25
2021/08/04 09:53:15 [notice] 1#1: worker process 25 exited with code 0
2021/08/04 09:53:15 [notice] 1#1: signal 29 (SIGIO) received
2021/08/04 09:53:15 [notice] 1#1: signal 17 (SIGCHLD) received from 28
2021/08/04 09:53:15 [notice] 1#1: worker process 28 exited with code 0
2021/08/04 09:53:15 [notice] 1#1: signal 29 (SIGIO) received
2021/08/04 09:53:15 [notice] 1#1: signal 17 (SIGCHLD) received from 27
2021/08/04 09:53:15 [notice] 1#1: worker process 27 exited with code 0
2021/08/04 09:53:15 [notice] 1#1: signal 29 (SIGIO) received
2021/08/04 09:53:15 [notice] 1#1: signal 17 (SIGCHLD) received from 26
2021/08/04 09:53:15 [notice] 1#1: worker process 26 exited with code 0
2021/08/04 09:53:15 [notice] 1#1: exit
2021/08/04 09:56:07 [notice] 1#1: using the "epoll" event method
2021/08/04 09:56:07 [notice] 1#1: nginx/1.21.0
2021/08/04 09:56:07 [notice] 1#1: built by gcc 8.3.0 (Debian 8.3.0-6) 
2021/08/04 09:56:07 [notice] 1#1: OS: Linux 5.10.25-linuxkit
2021/08/04 09:56:07 [notice] 1#1: getrlimit(RLIMIT_NOFILE): 1048576:1048576
2021/08/04 09:56:07 [notice] 1#1: start worker processes
2021/08/04 09:56:07 [notice] 1#1: start worker process 25
2021/08/04 09:56:07 [notice] 1#1: start worker process 26
2021/08/04 09:56:07 [notice] 1#1: start worker process 27
2021/08/04 09:56:07 [notice] 1#1: start worker process 28
2021/08/04 10:01:20 [notice] 1#1: signal 3 (SIGQUIT) received, shutting down
2021/08/04 10:01:20 [notice] 25#25: gracefully shutting down
2021/08/04 10:01:20 [notice] 28#28: gracefully shutting down
2021/08/04 10:01:20 [notice] 26#26: gracefully shutting down
2021/08/04 10:01:20 [notice] 26#26: exiting
2021/08/04 10:01:20 [notice] 27#27: gracefully shutting down
2021/08/04 10:01:20 [notice] 25#25: exiting
2021/08/04 10:01:20 [notice] 25#25: exit
2021/08/04 10:01:20 [notice] 28#28: exiting
2021/08/04 10:01:20 [notice] 26#26: exit
2021/08/04 10:01:20 [notice] 27#27: exiting
2021/08/04 10:01:20 [notice] 28#28: exit
2021/08/04 10:01:20 [notice] 27#27: exit
2021/08/04 10:01:20 [notice] 1#1: signal 17 (SIGCHLD) received from 25
2021/08/04 10:01:20 [notice] 1#1: worker process 25 exited with code 0
2021/08/04 10:01:20 [notice] 1#1: signal 29 (SIGIO) received
2021/08/04 10:01:20 [notice] 1#1: signal 17 (SIGCHLD) received from 26
2021/08/04 10:01:20 [notice] 1#1: worker process 26 exited with code 0
2021/08/04 10:01:20 [notice] 1#1: signal 29 (SIGIO) received
2021/08/04 10:01:20 [notice] 1#1: signal 17 (SIGCHLD) received from 28
2021/08/04 10:01:20 [notice] 1#1: worker process 28 exited with code 0
2021/08/04 10:01:20 [notice] 1#1: signal 29 (SIGIO) received
2021/08/04 10:01:20 [notice] 1#1: signal 17 (SIGCHLD) received from 27
2021/08/04 10:01:20 [notice] 1#1: worker process 27 exited with code 0
2021/08/04 10:01:20 [notice] 1#1: exit
2021/08/04 11:41:32 [notice] 1#1: using the "epoll" event method
2021/08/04 11:41:32 [notice] 1#1: nginx/1.21.0
2021/08/04 11:41:32 [notice] 1#1: built by gcc 8.3.0 (Debian 8.3.0-6) 
2021/08/04 11:41:32 [notice] 1#1: OS: Linux 5.10.25-linuxkit
2021/08/04 11:41:32 [notice] 1#1: getrlimit(RLIMIT_NOFILE): 1048576:1048576
2021/08/04 11:41:32 [notice] 1#1: start worker processes
2021/08/04 11:41:32 [notice] 1#1: start worker process 26
2021/08/04 11:41:32 [notice] 1#1: start worker process 27
2021/08/04 11:41:32 [notice] 1#1: start worker process 28
2021/08/04 11:41:32 [notice] 1#1: start worker process 29
2021/08/04 11:46:59 [notice] 1#1: signal 3 (SIGQUIT) received, shutting down
2021/08/04 11:46:59 [notice] 26#26: gracefully shutting down
2021/08/04 11:46:59 [notice] 26#26: exiting
2021/08/04 11:46:59 [notice] 27#27: gracefully shutting down
2021/08/04 11:46:59 [notice] 27#27: exiting
2021/08/04 11:46:59 [notice] 28#28: gracefully shutting down
2021/08/04 11:46:59 [notice] 28#28: exiting
2021/08/04 11:46:59 [notice] 29#29: gracefully shutting down
2021/08/04 11:46:59 [notice] 26#26: exit
2021/08/04 11:46:59 [notice] 27#27: exit
2021/08/04 11:46:59 [notice] 28#28: exit
2021/08/04 11:46:59 [notice] 29#29: exiting
2021/08/04 11:46:59 [notice] 29#29: exit
2021/08/04 11:46:59 [notice] 1#1: signal 17 (SIGCHLD) received from 26
2021/08/04 11:46:59 [notice] 1#1: worker process 26 exited with code 0
2021/08/04 11:46:59 [notice] 1#1: worker process 27 exited with code 0
2021/08/04 11:46:59 [notice] 1#1: signal 29 (SIGIO) received
2021/08/04 11:46:59 [notice] 1#1: signal 17 (SIGCHLD) received from 27
2021/08/04 11:46:59 [notice] 1#1: signal 17 (SIGCHLD) received from 29
2021/08/04 11:46:59 [notice] 1#1: worker process 29 exited with code 0
2021/08/04 11:46:59 [notice] 1#1: signal 29 (SIGIO) received
2021/08/04 11:46:59 [notice] 1#1: signal 17 (SIGCHLD) received from 28
2021/08/04 11:46:59 [notice] 1#1: worker process 28 exited with code 0
2021/08/04 11:46:59 [notice] 1#1: exit
2021/08/04 11:48:25 [notice] 1#1: using the "epoll" event method
2021/08/04 11:48:25 [notice] 1#1: nginx/1.21.0
2021/08/04 11:48:25 [notice] 1#1: built by gcc 8.3.0 (Debian 8.3.0-6) 
2021/08/04 11:48:25 [notice] 1#1: OS: Linux 5.10.25-linuxkit
2021/08/04 11:48:25 [notice] 1#1: getrlimit(RLIMIT_NOFILE): 1048576:1048576
2021/08/04 11:48:25 [notice] 1#1: start worker processes
2021/08/04 11:48:25 [notice] 1#1: start worker process 25
2021/08/04 11:48:25 [notice] 1#1: start worker process 26
2021/08/04 11:48:25 [notice] 1#1: start worker process 27
2021/08/04 11:48:25 [notice] 1#1: start worker process 28
2021/08/04 11:50:37 [error] 26#26: *2 directory index of "/usr/share/nginx/html/" is forbidden, client: 172.18.0.1, server: localhost, request: "GET / HTTP/1.1", host: "localhost"
2021/08/04 11:50:39 [error] 26#26: *2 directory index of "/usr/share/nginx/html/" is forbidden, client: 172.18.0.1, server: localhost, request: "GET / HTTP/1.1", host: "localhost"
2021/08/04 11:50:39 [error] 26#26: *2 directory index of "/usr/share/nginx/html/" is forbidden, client: 172.18.0.1, server: localhost, request: "GET / HTTP/1.1", host: "localhost"
2021/08/04 11:50:40 [error] 26#26: *2 directory index of "/usr/share/nginx/html/" is forbidden, client: 172.18.0.1, server: localhost, request: "GET / HTTP/1.1", host: "localhost"
2021/08/04 11:50:40 [error] 26#26: *2 directory index of "/usr/share/nginx/html/" is forbidden, client: 172.18.0.1, server: localhost, request: "GET / HTTP/1.1", host: "localhost"
2021/08/04 11:50:44 [error] 26#26: *3 directory index of "/usr/share/nginx/html/" is forbidden, client: 172.18.0.1, server: localhost, request: "GET / HTTP/1.1", host: "127.0.0.1"
2021/08/04 11:50:45 [error] 26#26: *3 open() "/usr/share/nginx/html/favicon.ico" failed (2: No such file or directory), client: 172.18.0.1, server: localhost, request: "GET /favicon.ico HTTP/1.1", host: "127.0.0.1", referrer: "http://127.0.0.1/"
2021/08/04 11:50:46 [error] 26#26: *3 directory index of "/usr/share/nginx/html/" is forbidden, client: 172.18.0.1, server: localhost, request: "GET / HTTP/1.1", host: "127.0.0.1"
2021/08/04 11:50:46 [error] 26#26: *3 directory index of "/usr/share/nginx/html/" is forbidden, client: 172.18.0.1, server: localhost, request: "GET / HTTP/1.1", host: "127.0.0.1"
2021/08/04 11:50:46 [error] 26#26: *3 directory index of "/usr/share/nginx/html/" is forbidden, client: 172.18.0.1, server: localhost, request: "GET / HTTP/1.1", host: "127.0.0.1"
2021/08/04 11:50:46 [error] 26#26: *3 directory index of "/usr/share/nginx/html/" is forbidden, client: 172.18.0.1, server: localhost, request: "GET / HTTP/1.1", host: "127.0.0.1"
2021/08/04 11:50:49 [notice] 1#1: signal 3 (SIGQUIT) received, shutting down
2021/08/04 11:50:49 [notice] 25#25: gracefully shutting down
2021/08/04 11:50:49 [notice] 26#26: gracefully shutting down
2021/08/04 11:50:49 [notice] 27#27: gracefully shutting down
2021/08/04 11:50:49 [notice] 28#28: gracefully shutting down
2021/08/04 11:50:49 [notice] 27#27: exiting
2021/08/04 11:50:49 [notice] 28#28: exiting
2021/08/04 11:50:49 [notice] 27#27: exit
2021/08/04 11:50:49 [notice] 28#28: exit
2021/08/04 11:50:49 [notice] 1#1: signal 17 (SIGCHLD) received from 27
2021/08/04 11:50:49 [notice] 1#1: worker process 27 exited with code 0
2021/08/04 11:50:49 [notice] 1#1: signal 29 (SIGIO) received
2021/08/04 11:50:49 [notice] 1#1: signal 17 (SIGCHLD) received from 28
2021/08/04 11:50:49 [notice] 1#1: worker process 28 exited with code 0
2021/08/04 11:50:49 [notice] 1#1: signal 29 (SIGIO) received
